<?xml version="1.0" encoding="UTF-8"?>
<!-- Generated by org.testng.reporters.JUnitReportReporter -->
<testsuite hostname="Rabee-AbuAed" failures="0" tests="8" name="Test.CrossBrowserTest" time="29.568" errors="0" timestamp="2023-11-14T11:37:43 GST" skipped="0">
  <testcase classname="Test.CrossBrowserTest" name="testApplication" time="4.548"/>
  <system-out/>
  <testcase classname="Test.CrossBrowserTest" name="testApplication" time="5.345"/>
  <system-out/>
  <testcase classname="Test.CrossBrowserTest" name="testApplication" time="5.046"/>
  <system-out/>
  <testcase classname="Test.CrossBrowserTest" name="testApplication" time="2.612"/>
  <system-out/>
  <testcase classname="Test.CrossBrowserTest" name="testApplication" time="5.107"/>
  <system-out/>
  <testcase classname="Test.CrossBrowserTest" name="testApplication" time="2.535"/>
  <system-out/>
  <testcase classname="Test.CrossBrowserTest" name="testApplication" time="2.157"/>
  <system-out/>
  <testcase classname="Test.CrossBrowserTest" name="testApplication" time="2.218"/>
  <system-out/>
</testsuite> <!-- Test.CrossBrowserTest -->
