<?xml version="1.0" encoding="UTF-8"?>
<!-- Generated by org.testng.reporters.JUnitReportReporter -->
<testsuite hostname="Rabee-AbuAed" failures="0" tests="4" name="Test.TestDefineElemnts" time="16.189" errors="0" timestamp="2023-11-14T11:37:43 GST" skipped="0">
  <testcase classname="Test.TestDefineElemnts" name="registerNewUser" time="4.710"/>
  <system-out/>
  <testcase classname="Test.TestDefineElemnts" name="registerNewUser" time="3.843"/>
  <system-out/>
  <testcase classname="Test.TestDefineElemnts" name="registerNewUser" time="4.481"/>
  <system-out/>
  <testcase classname="Test.TestDefineElemnts" name="registerNewUser" time="3.155"/>
  <system-out/>
</testsuite> <!-- Test.TestDefineElemnts -->
